<?xml version="1.0" encoding="UTF-8"?>
<testsuite xmlns:xsi="http://www.w3.org/2001/XMLSchema-instance" xsi:noNamespaceSchemaLocation="https://maven.apache.org/surefire/maven-surefire-plugin/xsd/surefire-test-report.xsd" name="TestSuite" time="32.405" tests="6" errors="0" skipped="0" failures="0">
  <properties>
    <property name="sun.desktop" value="windows"/>
    <property name="awt.toolkit" value="sun.awt.windows.WToolkit"/>
    <property name="file.encoding.pkg" value="sun.io"/>
    <property name="java.specification.version" value="1.8"/>
    <property name="sun.cpu.isalist" value="amd64"/>
    <property name="sun.jnu.encoding" value="Cp1252"/>
    <property name="java.class.path" value="C:\Users\srini\IdeaProjects\xyz-bank-testng\target\test-classes;C:\Users\srini\IdeaProjects\xyz-bank-testng\target\classes;C:\Users\srini\.m2\repository\junit\junit\4.11\junit-4.11.jar;C:\Users\srini\.m2\repository\org\hamcrest\hamcrest-core\1.3\hamcrest-core-1.3.jar;C:\Users\srini\.m2\repository\org\seleniumhq\selenium\selenium-java\3.141.59\selenium-java-3.141.59.jar;C:\Users\srini\.m2\repository\org\seleniumhq\selenium\selenium-api\3.141.59\selenium-api-3.141.59.jar;C:\Users\srini\.m2\repository\org\seleniumhq\selenium\selenium-chrome-driver\3.141.59\selenium-chrome-driver-3.141.59.jar;C:\Users\srini\.m2\repository\org\seleniumhq\selenium\selenium-edge-driver\3.141.59\selenium-edge-driver-3.141.59.jar;C:\Users\srini\.m2\repository\org\seleniumhq\selenium\selenium-firefox-driver\3.141.59\selenium-firefox-driver-3.141.59.jar;C:\Users\srini\.m2\repository\org\seleniumhq\selenium\selenium-ie-driver\3.141.59\selenium-ie-driver-3.141.59.jar;C:\Users\srini\.m2\repository\org\seleniumhq\selenium\selenium-opera-driver\3.141.59\selenium-opera-driver-3.141.59.jar;C:\Users\srini\.m2\repository\org\seleniumhq\selenium\selenium-remote-driver\3.141.59\selenium-remote-driver-3.141.59.jar;C:\Users\srini\.m2\repository\org\seleniumhq\selenium\selenium-safari-driver\3.141.59\selenium-safari-driver-3.141.59.jar;C:\Users\srini\.m2\repository\org\seleniumhq\selenium\selenium-support\3.141.59\selenium-support-3.141.59.jar;C:\Users\srini\.m2\repository\net\bytebuddy\byte-buddy\1.8.15\byte-buddy-1.8.15.jar;C:\Users\srini\.m2\repository\org\apache\commons\commons-exec\1.3\commons-exec-1.3.jar;C:\Users\srini\.m2\repository\com\google\guava\guava\25.0-jre\guava-25.0-jre.jar;C:\Users\srini\.m2\repository\com\google\code\findbugs\jsr305\1.3.9\jsr305-1.3.9.jar;C:\Users\srini\.m2\repository\org\checkerframework\checker-compat-qual\2.0.0\checker-compat-qual-2.0.0.jar;C:\Users\srini\.m2\repository\com\google\errorprone\error_prone_annotations\2.1.3\error_prone_annotations-2.1.3.jar;C:\Users\srini\.m2\repository\com\google\j2objc\j2objc-annotations\1.1\j2objc-annotations-1.1.jar;C:\Users\srini\.m2\repository\org\codehaus\mojo\animal-sniffer-annotations\1.14\animal-sniffer-annotations-1.14.jar;C:\Users\srini\.m2\repository\com\squareup\okhttp3\okhttp\3.11.0\okhttp-3.11.0.jar;C:\Users\srini\.m2\repository\com\squareup\okio\okio\1.14.0\okio-1.14.0.jar;C:\Users\srini\.m2\repository\org\testng\testng\6.14.3\testng-6.14.3.jar;C:\Users\srini\.m2\repository\com\beust\jcommander\1.72\jcommander-1.72.jar;C:\Users\srini\.m2\repository\org\apache-extras\beanshell\bsh\2.0b6\bsh-2.0b6.jar;C:\Users\srini\.m2\repository\commons-io\commons-io\2.6\commons-io-2.6.jar;C:\Users\srini\.m2\repository\org\uncommons\reportng\1.1.4\reportng-1.1.4.jar;C:\Users\srini\.m2\repository\velocity\velocity\1.4\velocity-1.4.jar;C:\Users\srini\.m2\repository\velocity\velocity-dep\1.4\velocity-dep-1.4.jar;C:\Users\srini\.m2\repository\com\google\inject\guice\4.1.0\guice-4.1.0.jar;C:\Users\srini\.m2\repository\javax\inject\javax.inject\1\javax.inject-1.jar;C:\Users\srini\.m2\repository\aopalliance\aopalliance\1.0\aopalliance-1.0.jar;C:\Users\srini\.m2\repository\org\apache\velocity\velocity\1.7\velocity-1.7.jar;C:\Users\srini\.m2\repository\commons-collections\commons-collections\3.2.1\commons-collections-3.2.1.jar;C:\Users\srini\.m2\repository\commons-lang\commons-lang\2.4\commons-lang-2.4.jar;"/>
    <property name="java.vm.vendor" value="Oracle Corporation"/>
    <property name="sun.arch.data.model" value="64"/>
    <property name="user.variant" value=""/>
    <property name="java.vendor.url" value="http://java.oracle.com/"/>
    <property name="user.timezone" value="Europe/London"/>
    <property name="java.vm.specification.version" value="1.8"/>
    <property name="os.name" value="Windows 10"/>
    <property name="user.country" value="GB"/>
    <property name="sun.java.launcher" value="SUN_STANDARD"/>
    <property name="sun.boot.library.path" value="C:\Program Files\Java\jdk1.8.0_121\jre\bin"/>
    <property name="sun.java.command" value="C:\Users\srini\AppData\Local\Temp\surefire637901174932333046\surefirebooter1397596352158622245.jar C:\Users\srini\AppData\Local\Temp\surefire637901174932333046 2020-04-14T17-42-16_706-jvmRun1 surefire1514847147875164503tmp surefire_07289051520332960652tmp"/>
    <property name="surefire.test.class.path" value="C:\Users\srini\IdeaProjects\xyz-bank-testng\target\test-classes;C:\Users\srini\IdeaProjects\xyz-bank-testng\target\classes;C:\Users\srini\.m2\repository\junit\junit\4.11\junit-4.11.jar;C:\Users\srini\.m2\repository\org\hamcrest\hamcrest-core\1.3\hamcrest-core-1.3.jar;C:\Users\srini\.m2\repository\org\seleniumhq\selenium\selenium-java\3.141.59\selenium-java-3.141.59.jar;C:\Users\srini\.m2\repository\org\seleniumhq\selenium\selenium-api\3.141.59\selenium-api-3.141.59.jar;C:\Users\srini\.m2\repository\org\seleniumhq\selenium\selenium-chrome-driver\3.141.59\selenium-chrome-driver-3.141.59.jar;C:\Users\srini\.m2\repository\org\seleniumhq\selenium\selenium-edge-driver\3.141.59\selenium-edge-driver-3.141.59.jar;C:\Users\srini\.m2\repository\org\seleniumhq\selenium\selenium-firefox-driver\3.141.59\selenium-firefox-driver-3.141.59.jar;C:\Users\srini\.m2\repository\org\seleniumhq\selenium\selenium-ie-driver\3.141.59\selenium-ie-driver-3.141.59.jar;C:\Users\srini\.m2\repository\org\seleniumhq\selenium\selenium-opera-driver\3.141.59\selenium-opera-driver-3.141.59.jar;C:\Users\srini\.m2\repository\org\seleniumhq\selenium\selenium-remote-driver\3.141.59\selenium-remote-driver-3.141.59.jar;C:\Users\srini\.m2\repository\org\seleniumhq\selenium\selenium-safari-driver\3.141.59\selenium-safari-driver-3.141.59.jar;C:\Users\srini\.m2\repository\org\seleniumhq\selenium\selenium-support\3.141.59\selenium-support-3.141.59.jar;C:\Users\srini\.m2\repository\net\bytebuddy\byte-buddy\1.8.15\byte-buddy-1.8.15.jar;C:\Users\srini\.m2\repository\org\apache\commons\commons-exec\1.3\commons-exec-1.3.jar;C:\Users\srini\.m2\repository\com\google\guava\guava\25.0-jre\guava-25.0-jre.jar;C:\Users\srini\.m2\repository\com\google\code\findbugs\jsr305\1.3.9\jsr305-1.3.9.jar;C:\Users\srini\.m2\repository\org\checkerframework\checker-compat-qual\2.0.0\checker-compat-qual-2.0.0.jar;C:\Users\srini\.m2\repository\com\google\errorprone\error_prone_annotations\2.1.3\error_prone_annotations-2.1.3.jar;C:\Users\srini\.m2\repository\com\google\j2objc\j2objc-annotations\1.1\j2objc-annotations-1.1.jar;C:\Users\srini\.m2\repository\org\codehaus\mojo\animal-sniffer-annotations\1.14\animal-sniffer-annotations-1.14.jar;C:\Users\srini\.m2\repository\com\squareup\okhttp3\okhttp\3.11.0\okhttp-3.11.0.jar;C:\Users\srini\.m2\repository\com\squareup\okio\okio\1.14.0\okio-1.14.0.jar;C:\Users\srini\.m2\repository\org\testng\testng\6.14.3\testng-6.14.3.jar;C:\Users\srini\.m2\repository\com\beust\jcommander\1.72\jcommander-1.72.jar;C:\Users\srini\.m2\repository\org\apache-extras\beanshell\bsh\2.0b6\bsh-2.0b6.jar;C:\Users\srini\.m2\repository\commons-io\commons-io\2.6\commons-io-2.6.jar;C:\Users\srini\.m2\repository\org\uncommons\reportng\1.1.4\reportng-1.1.4.jar;C:\Users\srini\.m2\repository\velocity\velocity\1.4\velocity-1.4.jar;C:\Users\srini\.m2\repository\velocity\velocity-dep\1.4\velocity-dep-1.4.jar;C:\Users\srini\.m2\repository\com\google\inject\guice\4.1.0\guice-4.1.0.jar;C:\Users\srini\.m2\repository\javax\inject\javax.inject\1\javax.inject-1.jar;C:\Users\srini\.m2\repository\aopalliance\aopalliance\1.0\aopalliance-1.0.jar;C:\Users\srini\.m2\repository\org\apache\velocity\velocity\1.7\velocity-1.7.jar;C:\Users\srini\.m2\repository\commons-collections\commons-collections\3.2.1\commons-collections-3.2.1.jar;C:\Users\srini\.m2\repository\commons-lang\commons-lang\2.4\commons-lang-2.4.jar;"/>
    <property name="sun.cpu.endian" value="little"/>
    <property name="user.home" value="C:\Users\srini"/>
    <property name="user.language" value="en"/>
    <property name="java.specification.vendor" value="Oracle Corporation"/>
    <property name="java.home" value="C:\Program Files\Java\jdk1.8.0_121\jre"/>
    <property name="basedir" value="C:\Users\srini\IdeaProjects\xyz-bank-testng"/>
    <property name="file.separator" value="\"/>
    <property name="line.separator" value="&#10;"/>
    <property name="java.vm.specification.vendor" value="Oracle Corporation"/>
    <property name="java.specification.name" value="Java Platform API Specification"/>
    <property name="java.awt.graphicsenv" value="sun.awt.Win32GraphicsEnvironment"/>
    <property name="surefire.real.class.path" value="C:\Users\srini\AppData\Local\Temp\surefire637901174932333046\surefirebooter1397596352158622245.jar"/>
    <property name="sun.boot.class.path" value="C:\Program Files\Java\jdk1.8.0_121\jre\lib\resources.jar;C:\Program Files\Java\jdk1.8.0_121\jre\lib\rt.jar;C:\Program Files\Java\jdk1.8.0_121\jre\lib\sunrsasign.jar;C:\Program Files\Java\jdk1.8.0_121\jre\lib\jsse.jar;C:\Program Files\Java\jdk1.8.0_121\jre\lib\jce.jar;C:\Program Files\Java\jdk1.8.0_121\jre\lib\charsets.jar;C:\Program Files\Java\jdk1.8.0_121\jre\lib\jfr.jar;C:\Program Files\Java\jdk1.8.0_121\jre\classes"/>
    <property name="user.script" value=""/>
    <property name="sun.management.compiler" value="HotSpot 64-Bit Tiered Compilers"/>
    <property name="java.runtime.version" value="1.8.0_121-b13"/>
    <property name="user.name" value="srini"/>
    <property name="path.separator" value=";"/>
    <property name="os.version" value="10.0"/>
    <property name="java.endorsed.dirs" value="C:\Program Files\Java\jdk1.8.0_121\jre\lib\endorsed"/>
    <property name="java.runtime.name" value="Java(TM) SE Runtime Environment"/>
    <property name="file.encoding" value="Cp1252"/>
    <property name="java.vm.name" value="Java HotSpot(TM) 64-Bit Server VM"/>
    <property name="localRepository" value="C:\Users\srini\.m2\repository"/>
    <property name="java.vendor.url.bug" value="http://bugreport.sun.com/bugreport/"/>
    <property name="java.io.tmpdir" value="C:\Users\srini\AppData\Local\Temp\"/>
    <property name="java.version" value="1.8.0_121"/>
    <property name="user.dir" value="C:\Users\srini\IdeaProjects\xyz-bank-testng"/>
    <property name="os.arch" value="amd64"/>
    <property name="java.vm.specification.name" value="Java Virtual Machine Specification"/>
    <property name="java.awt.printerjob" value="sun.awt.windows.WPrinterJob"/>
    <property name="sun.os.patch.level" value=""/>
    <property name="java.library.path" value="C:\Program Files\Java\jdk1.8.0_121\jre\bin;C:\WINDOWS\Sun\Java\bin;C:\WINDOWS\system32;C:\WINDOWS;C:\ProgramData\Oracle\Java\javapath;C:\Program Files (x86)\Lenovo\FusionEngine;C:\WINDOWS\system32;C:\WINDOWS;C:\WINDOWS\System32\Wbem;C:\WINDOWS\System32\WindowsPowerShell\v1.0\;C:\Program Files (x86)\Common Files\lenovo\easyplussdk\bin;C:\Program Files\Intel\WiFi\bin\;C:\Program Files\Common Files\Intel\WirelessCommon\;C:\WINDOWS\System32\OpenSSH\;C:\Program Files\Java\jdk1.8.0_121\bin;C:\Program Files\Git\cmd;C:\Program Files\Apache\apache-maven-3.6.3\bin;C:\Users\srini\AppData\Local\Microsoft\WindowsApps;;."/>
    <property name="idea.version2019.3.2" value="true"/>
    <property name="java.vm.info" value="mixed mode"/>
    <property name="java.vendor" value="Oracle Corporation"/>
    <property name="java.vm.version" value="25.121-b13"/>
    <property name="java.ext.dirs" value="C:\Program Files\Java\jdk1.8.0_121\jre\lib\ext;C:\WINDOWS\Sun\Java\lib\ext"/>
    <property name="sun.io.unicode.encoding" value="UnicodeLittle"/>
    <property name="java.class.version" value="52.0"/>
  </properties>
  <testcase name="bankManagerShouldAddCustomerSuccessfully" classname="com.bank.testsuite.BankTest" time="4.647"/>
  <testcase name="bankManagerShouldOpenAccountSuccessfully" classname="com.bank.testsuite.BankTest" time="1.543"/>
  <testcase name="customerShouldLoginAndLogoutSuccessfully" classname="com.bank.testsuite.BankTest" time="1.923"/>
  <testcase name="customerShouldDepositMoneySuccessfully" classname="com.bank.testsuite.BankTest" time="1.646"/>
  <testcase name="customerShouldWithdrawMoneySuccessfully" classname="com.bank.testsuite.BankTest" time="1.482"/>
  <testcase name="bankManagerShouldDeleteCustomerSuccessfully" classname="com.bank.testsuite.BankTest" time="0.917"/>
</testsuite>